[debug] [2023-07-07T19:11:03.208Z] ----------------------------------------------------------------------
[debug] [2023-07-07T19:11:03.208Z] Command:       /usr/local/bin/node /Users/diego/.npm_global/bin/firebase deploy --only functions
[debug] [2023-07-07T19:11:03.209Z] CLI Version:   12.4.2
[debug] [2023-07-07T19:11:03.209Z] Platform:      darwin
[debug] [2023-07-07T19:11:03.209Z] Node Version:  v18.15.0
[debug] [2023-07-07T19:11:03.213Z] Time:          Fri Jul 07 2023 14:11:03 GMT-0500 (Eastern Standard Time)
[debug] [2023-07-07T19:11:03.213Z] ----------------------------------------------------------------------
[debug] 
[debug] [2023-07-07T19:11:03.214Z] >>> [apiv2][query] GET https://firebase-public.firebaseio.com/cli.json [none]
[debug] [2023-07-07T19:11:03.262Z] > command requires scopes: ["email","openid","https://www.googleapis.com/auth/cloudplatformprojects.readonly","https://www.googleapis.com/auth/firebase","https://www.googleapis.com/auth/cloud-platform"]
[debug] [2023-07-07T19:11:03.262Z] > authorizing via signed-in user (dcordero@lavanda.com.pa)
[debug] [2023-07-07T19:11:03.262Z] [iam] checking project lhome-39be5 for permissions ["cloudfunctions.functions.create","cloudfunctions.functions.delete","cloudfunctions.functions.get","cloudfunctions.functions.list","cloudfunctions.functions.update","cloudfunctions.operations.get","firebase.projects.get"]
[debug] [2023-07-07T19:11:03.263Z] > refreshing access token with scopes: []
[debug] [2023-07-07T19:11:03.263Z] >>> [apiv2][query] POST https://www.googleapis.com/oauth2/v3/token [none]
[debug] [2023-07-07T19:11:03.263Z] >>> [apiv2][body] POST https://www.googleapis.com/oauth2/v3/token [omitted]
[debug] [2023-07-07T19:11:03.515Z] <<< [apiv2][status] POST https://www.googleapis.com/oauth2/v3/token 200
[debug] [2023-07-07T19:11:03.515Z] <<< [apiv2][body] POST https://www.googleapis.com/oauth2/v3/token [omitted]
[debug] [2023-07-07T19:11:03.526Z] >>> [apiv2][query] POST https://cloudresourcemanager.googleapis.com/v1/projects/lhome-39be5:testIamPermissions [none]
[debug] [2023-07-07T19:11:03.527Z] >>> [apiv2][(partial)header] POST https://cloudresourcemanager.googleapis.com/v1/projects/lhome-39be5:testIamPermissions x-goog-quota-user=projects/lhome-39be5
[debug] [2023-07-07T19:11:03.527Z] >>> [apiv2][body] POST https://cloudresourcemanager.googleapis.com/v1/projects/lhome-39be5:testIamPermissions {"permissions":["cloudfunctions.functions.create","cloudfunctions.functions.delete","cloudfunctions.functions.get","cloudfunctions.functions.list","cloudfunctions.functions.update","cloudfunctions.operations.get","firebase.projects.get"]}
[debug] [2023-07-07T19:11:03.531Z] <<< [apiv2][status] GET https://firebase-public.firebaseio.com/cli.json 200
[debug] [2023-07-07T19:11:03.531Z] <<< [apiv2][body] GET https://firebase-public.firebaseio.com/cli.json {"cloudBuildErrorAfter":1594252800000,"cloudBuildWarnAfter":1590019200000,"defaultNode10After":1594252800000,"minVersion":"3.0.5","node8DeploysDisabledAfter":1613390400000,"node8RuntimeDisabledAfter":1615809600000,"node8WarnAfter":1600128000000}
[debug] [2023-07-07T19:11:03.884Z] <<< [apiv2][status] POST https://cloudresourcemanager.googleapis.com/v1/projects/lhome-39be5:testIamPermissions 200
[debug] [2023-07-07T19:11:03.884Z] <<< [apiv2][body] POST https://cloudresourcemanager.googleapis.com/v1/projects/lhome-39be5:testIamPermissions {"permissions":["cloudfunctions.functions.create","cloudfunctions.functions.delete","cloudfunctions.functions.get","cloudfunctions.functions.list","cloudfunctions.functions.update","cloudfunctions.operations.get","firebase.projects.get"]}
[debug] [2023-07-07T19:11:03.885Z] >>> [apiv2][query] POST https://iam.googleapis.com/v1/projects/lhome-39be5/serviceAccounts/lhome-39be5@appspot.gserviceaccount.com:testIamPermissions [none]
[debug] [2023-07-07T19:11:03.885Z] >>> [apiv2][body] POST https://iam.googleapis.com/v1/projects/lhome-39be5/serviceAccounts/lhome-39be5@appspot.gserviceaccount.com:testIamPermissions {"permissions":["iam.serviceAccounts.actAs"]}
[debug] [2023-07-07T19:11:04.240Z] <<< [apiv2][status] POST https://iam.googleapis.com/v1/projects/lhome-39be5/serviceAccounts/lhome-39be5@appspot.gserviceaccount.com:testIamPermissions 200
[debug] [2023-07-07T19:11:04.240Z] <<< [apiv2][body] POST https://iam.googleapis.com/v1/projects/lhome-39be5/serviceAccounts/lhome-39be5@appspot.gserviceaccount.com:testIamPermissions {"permissions":["iam.serviceAccounts.actAs"]}
[info] 
[info] === Deploying to 'lhome-39be5'...
[info] 
[info] i  deploying functions 
[debug] [2023-07-07T19:11:04.245Z] >>> [apiv2][query] GET https://firebase.googleapis.com/v1beta1/projects/lhome-39be5 [none]
[debug] [2023-07-07T19:11:04.618Z] <<< [apiv2][status] GET https://firebase.googleapis.com/v1beta1/projects/lhome-39be5 200
[debug] [2023-07-07T19:11:04.619Z] <<< [apiv2][body] GET https://firebase.googleapis.com/v1beta1/projects/lhome-39be5 {"projectId":"lhome-39be5","projectNumber":"737236759307","displayName":"Lavanda Home","name":"projects/lhome-39be5","resources":{"hostingSite":"lhome-39be5","realtimeDatabaseInstance":"lhome-39be5-default-rtdb","storageBucket":"lhome-39be5.appspot.com","locationId":"us-east1"},"state":"ACTIVE","etag":"1_03652186-2f86-4daa-a1f8-d4bd7f5f9b83"}
[info] i  functions: preparing codebase default for deployment 
[info] i  functions: ensuring required API cloudfunctions.googleapis.com is enabled... 
[info] i  functions: ensuring required API cloudbuild.googleapis.com is enabled... 
[info] i  artifactregistry: ensuring required API artifactregistry.googleapis.com is enabled... 
[debug] [2023-07-07T19:11:04.621Z] >>> [apiv2][query] GET https://serviceusage.googleapis.com/v1/projects/lhome-39be5/services/cloudfunctions.googleapis.com [none]
[debug] [2023-07-07T19:11:04.621Z] >>> [apiv2][(partial)header] GET https://serviceusage.googleapis.com/v1/projects/lhome-39be5/services/cloudfunctions.googleapis.com x-goog-quota-user=projects/lhome-39be5
[debug] [2023-07-07T19:11:04.622Z] >>> [apiv2][query] GET https://serviceusage.googleapis.com/v1/projects/lhome-39be5/services/runtimeconfig.googleapis.com [none]
[debug] [2023-07-07T19:11:04.622Z] >>> [apiv2][(partial)header] GET https://serviceusage.googleapis.com/v1/projects/lhome-39be5/services/runtimeconfig.googleapis.com x-goog-quota-user=projects/lhome-39be5
[debug] [2023-07-07T19:11:04.624Z] >>> [apiv2][query] GET https://serviceusage.googleapis.com/v1/projects/lhome-39be5/services/cloudbuild.googleapis.com [none]
[debug] [2023-07-07T19:11:04.624Z] >>> [apiv2][(partial)header] GET https://serviceusage.googleapis.com/v1/projects/lhome-39be5/services/cloudbuild.googleapis.com x-goog-quota-user=projects/lhome-39be5
[debug] [2023-07-07T19:11:04.625Z] >>> [apiv2][query] GET https://serviceusage.googleapis.com/v1/projects/lhome-39be5/services/artifactregistry.googleapis.com [none]
[debug] [2023-07-07T19:11:04.625Z] >>> [apiv2][(partial)header] GET https://serviceusage.googleapis.com/v1/projects/lhome-39be5/services/artifactregistry.googleapis.com x-goog-quota-user=projects/lhome-39be5
[debug] [2023-07-07T19:11:05.106Z] <<< [apiv2][status] GET https://serviceusage.googleapis.com/v1/projects/lhome-39be5/services/cloudfunctions.googleapis.com 200
[debug] [2023-07-07T19:11:05.106Z] <<< [apiv2][body] GET https://serviceusage.googleapis.com/v1/projects/lhome-39be5/services/cloudfunctions.googleapis.com [omitted]
[info] ✔  functions: required API cloudfunctions.googleapis.com is enabled 
[debug] [2023-07-07T19:11:05.131Z] <<< [apiv2][status] GET https://serviceusage.googleapis.com/v1/projects/lhome-39be5/services/cloudbuild.googleapis.com 200
[debug] [2023-07-07T19:11:05.131Z] <<< [apiv2][body] GET https://serviceusage.googleapis.com/v1/projects/lhome-39be5/services/cloudbuild.googleapis.com [omitted]
[info] ✔  functions: required API cloudbuild.googleapis.com is enabled 
[debug] [2023-07-07T19:11:05.159Z] <<< [apiv2][status] GET https://serviceusage.googleapis.com/v1/projects/lhome-39be5/services/runtimeconfig.googleapis.com 200
[debug] [2023-07-07T19:11:05.159Z] <<< [apiv2][body] GET https://serviceusage.googleapis.com/v1/projects/lhome-39be5/services/runtimeconfig.googleapis.com [omitted]
[debug] [2023-07-07T19:11:05.285Z] <<< [apiv2][status] GET https://serviceusage.googleapis.com/v1/projects/lhome-39be5/services/artifactregistry.googleapis.com 200
[debug] [2023-07-07T19:11:05.285Z] <<< [apiv2][body] GET https://serviceusage.googleapis.com/v1/projects/lhome-39be5/services/artifactregistry.googleapis.com [omitted]
[info] ✔  artifactregistry: required API artifactregistry.googleapis.com is enabled 
[debug] [2023-07-07T19:11:05.286Z] >>> [apiv2][query] GET https://firebase.googleapis.com/v1beta1/projects/lhome-39be5/adminSdkConfig [none]
[debug] [2023-07-07T19:11:05.709Z] <<< [apiv2][status] GET https://firebase.googleapis.com/v1beta1/projects/lhome-39be5/adminSdkConfig 200
[debug] [2023-07-07T19:11:05.709Z] <<< [apiv2][body] GET https://firebase.googleapis.com/v1beta1/projects/lhome-39be5/adminSdkConfig {"projectId":"lhome-39be5","databaseURL":"https://lhome-39be5-default-rtdb.firebaseio.com","storageBucket":"lhome-39be5.appspot.com","locationId":"us-east1"}
[debug] [2023-07-07T19:11:05.710Z] >>> [apiv2][query] GET https://runtimeconfig.googleapis.com/v1beta1/projects/lhome-39be5/configs [none]
[debug] [2023-07-07T19:11:06.217Z] <<< [apiv2][status] GET https://runtimeconfig.googleapis.com/v1beta1/projects/lhome-39be5/configs 200
[debug] [2023-07-07T19:11:06.217Z] <<< [apiv2][body] GET https://runtimeconfig.googleapis.com/v1beta1/projects/lhome-39be5/configs {"configs":[{"name":"projects/lhome-39be5/configs/api"},{"name":"projects/lhome-39be5/configs/gmail"}]}
[debug] [2023-07-07T19:11:06.218Z] >>> [apiv2][query] GET https://runtimeconfig.googleapis.com/v1beta1/projects/lhome-39be5/configs/api/variables [none]
[debug] [2023-07-07T19:11:06.221Z] >>> [apiv2][query] GET https://runtimeconfig.googleapis.com/v1beta1/projects/lhome-39be5/configs/gmail/variables [none]
[debug] [2023-07-07T19:11:06.427Z] <<< [apiv2][status] GET https://runtimeconfig.googleapis.com/v1beta1/projects/lhome-39be5/configs/api/variables 200
[debug] [2023-07-07T19:11:06.427Z] <<< [apiv2][body] GET https://runtimeconfig.googleapis.com/v1beta1/projects/lhome-39be5/configs/api/variables {"variables":[{"name":"projects/lhome-39be5/configs/api/variables/dashboard_token","updateTime":"2023-04-04T18:47:08.322848760Z"},{"name":"projects/lhome-39be5/configs/api/variables/frontend_token","updateTime":"2023-04-04T18:47:48.376480393Z"}]}
[debug] [2023-07-07T19:11:06.428Z] >>> [apiv2][query] GET https://runtimeconfig.googleapis.com/v1beta1/projects/lhome-39be5/configs/api/variables/dashboard_token [none]
[debug] [2023-07-07T19:11:06.432Z] >>> [apiv2][query] GET https://runtimeconfig.googleapis.com/v1beta1/projects/lhome-39be5/configs/api/variables/frontend_token [none]
[debug] [2023-07-07T19:11:06.492Z] <<< [apiv2][status] GET https://runtimeconfig.googleapis.com/v1beta1/projects/lhome-39be5/configs/gmail/variables 200
[debug] [2023-07-07T19:11:06.492Z] <<< [apiv2][body] GET https://runtimeconfig.googleapis.com/v1beta1/projects/lhome-39be5/configs/gmail/variables {"variables":[{"name":"projects/lhome-39be5/configs/gmail/variables/password","updateTime":"2023-04-10T22:13:40.726910860Z"},{"name":"projects/lhome-39be5/configs/gmail/variables/email","updateTime":"2023-04-10T22:13:41.222933307Z"}]}
[debug] [2023-07-07T19:11:06.492Z] >>> [apiv2][query] GET https://runtimeconfig.googleapis.com/v1beta1/projects/lhome-39be5/configs/gmail/variables/password [none]
[debug] [2023-07-07T19:11:06.495Z] >>> [apiv2][query] GET https://runtimeconfig.googleapis.com/v1beta1/projects/lhome-39be5/configs/gmail/variables/email [none]
[debug] [2023-07-07T19:11:06.776Z] <<< [apiv2][status] GET https://runtimeconfig.googleapis.com/v1beta1/projects/lhome-39be5/configs/api/variables/dashboard_token 200
[debug] [2023-07-07T19:11:06.776Z] <<< [apiv2][body] GET https://runtimeconfig.googleapis.com/v1beta1/projects/lhome-39be5/configs/api/variables/dashboard_token {"name":"projects/lhome-39be5/configs/api/variables/dashboard_token","updateTime":"2023-04-04T18:47:08.322848760Z","text":"734ed3cbd7b662ff52e6b8c3e0103df1626fc1ea"}
[debug] [2023-07-07T19:11:06.839Z] <<< [apiv2][status] GET https://runtimeconfig.googleapis.com/v1beta1/projects/lhome-39be5/configs/api/variables/frontend_token 200
[debug] [2023-07-07T19:11:06.839Z] <<< [apiv2][body] GET https://runtimeconfig.googleapis.com/v1beta1/projects/lhome-39be5/configs/api/variables/frontend_token {"name":"projects/lhome-39be5/configs/api/variables/frontend_token","updateTime":"2023-04-04T18:47:48.376480393Z","text":"734ed3cbd7b662ff52e6b8c3e0103df1626fc1ea"}
[debug] [2023-07-07T19:11:06.852Z] <<< [apiv2][status] GET https://runtimeconfig.googleapis.com/v1beta1/projects/lhome-39be5/configs/gmail/variables/password 200
[debug] [2023-07-07T19:11:06.853Z] <<< [apiv2][body] GET https://runtimeconfig.googleapis.com/v1beta1/projects/lhome-39be5/configs/gmail/variables/password {"name":"projects/lhome-39be5/configs/gmail/variables/password","updateTime":"2023-04-10T22:13:40.726910860Z","text":"Maersk@040"}
[debug] [2023-07-07T19:11:06.870Z] <<< [apiv2][status] GET https://runtimeconfig.googleapis.com/v1beta1/projects/lhome-39be5/configs/gmail/variables/email 200
[debug] [2023-07-07T19:11:06.870Z] <<< [apiv2][body] GET https://runtimeconfig.googleapis.com/v1beta1/projects/lhome-39be5/configs/gmail/variables/email {"name":"projects/lhome-39be5/configs/gmail/variables/email","updateTime":"2023-04-10T22:13:41.222933307Z","text":"dcordero@lavanda.com.pa"}
[debug] [2023-07-07T19:11:06.874Z] Validating nodejs source
[debug] [2023-07-07T19:11:07.832Z] > [functions] package.json contents: {
  "name": "functions",
  "description": "Cloud Functions for Firebase",
  "scripts": {
    "serve": "firebase emulators:start --only functions",
    "shell": "firebase functions:shell",
    "start": "npm run shell",
    "deploy": "firebase deploy --only functions",
    "logs": "firebase functions:log"
  },
  "engines": {
    "node": "18"
  },
  "main": "index.js",
  "dependencies": {
    "axios": "^1.4.0",
    "body-parser": "^1.20.2",
    "cors": "^2.8.5",
    "dotenv": "^16.3.1",
    "express": "^4.18.2",
    "express-rate-limit": "^6.7.0",
    "firebase-admin": "^11.5.0",
    "firebase-functions": "^4.2.0",
    "helmet": "^7.0.0",
    "qs": "^6.11.2"
  },
  "devDependencies": {
    "firebase-functions-test": "^3.0.0"
  },
  "private": true
}
[debug] [2023-07-07T19:11:07.833Z] Building nodejs source
[info] i  functions: Loading and anaylzing source code for codebase default to determine what to deploy 
[debug] [2023-07-07T19:11:07.833Z] Could not find functions.yaml. Must use http discovery
[debug] [2023-07-07T19:11:07.841Z] Found firebase-functions binary at '/Users/diego/Documents/code .nosync/Nodeback/functions/node_modules/.bin/firebase-functions'
[info] Serving at port 8704

[debug] [2023-07-07T19:11:08.154Z] Got response from /__/functions.yaml {"endpoints":{"cybersource":{"platform":"gcfv1","availableMemoryMb":null,"timeoutSeconds":null,"minInstances":null,"maxInstances":null,"ingressSettings":null,"serviceAccountEmail":null,"vpc":null,"region":["us-east1"],"httpsTrigger":{},"entryPoint":"cybersource"}},"specVersion":"v1alpha1","requiredAPIs":[]}
[info] shutdown requested via /__/quitquitquit

[info] i  functions: Loaded environment variables from .env. 
[info] i  functions: preparing functions directory for uploading... 
[info] i  functions: packaged /Users/diego/Documents/code .nosync/Nodeback/functions (69.22 KB) for uploading 
[debug] [2023-07-07T19:11:08.179Z] >>> [apiv2][query] GET https://cloudfunctions.googleapis.com/v1/projects/lhome-39be5/locations/-/functions [none]
[debug] [2023-07-07T19:11:08.973Z] <<< [apiv2][status] GET https://cloudfunctions.googleapis.com/v1/projects/lhome-39be5/locations/-/functions 200
[debug] [2023-07-07T19:11:08.974Z] <<< [apiv2][body] GET https://cloudfunctions.googleapis.com/v1/projects/lhome-39be5/locations/-/functions {"functions":[{"name":"projects/lhome-39be5/locations/us-central1/functions/onUserDeleted","eventTrigger":{"eventType":"providers/firebase.auth/eventTypes/user.delete","resource":"projects/lhome-39be5","service":"firebaseauth.googleapis.com","failurePolicy":{}},"status":"ACTIVE","entryPoint":"onUserDeleted","timeout":"60s","availableMemoryMb":256,"serviceAccountEmail":"lhome-39be5@appspot.gserviceaccount.com","updateTime":"2023-05-05T21:44:43.229Z","versionId":"1","labels":{"deployment-tool":"cli-firebase"},"sourceUploadUrl":"https://storage.googleapis.com/uploads-646814349567.us-central1.cloudfunctions.appspot.com/8b091d99-1bb2-4e81-bfbd-1c2ae0a47b61.zip","environmentVariables":{"FIREBASE_CONFIG":"{\"projectId\":\"lhome-39be5\",\"databaseURL\":\"https://lhome-39be5-default-rtdb.firebaseio.com\",\"storageBucket\":\"lhome-39be5.appspot.com\",\"locationId\":\"us-east1\"}"},"runtime":"nodejs10","maxInstances":3000,"ingressSettings":"ALLOW_ALL","buildId":"f2bf3cf1-17a5-4f2d-8184-5c28e7aa63ae","buildName":"projects/737236759307/locations/us-central1/builds/f2bf3cf1-17a5-4f2d-8184-5c28e7aa63ae","dockerRegistry":"CONTAINER_REGISTRY"},{"name":"projects/lhome-39be5/locations/us-east1/functions/addFcmToken","httpsTrigger":{"url":"https://us-east1-lhome-39be5.cloudfunctions.net/addFcmToken","securityLevel":"SECURE_OPTIONAL"},"status":"ACTIVE","entryPoint":"addFcmToken","timeout":"60s","availableMemoryMb":256,"serviceAccountEmail":"lhome-39be5@appspot.gserviceaccount.com","updateTime":"2023-05-05T22:02:30.902Z","versionId":"5","labels":{"deployment-callable":"true","deployment-tool":"cli-firebase"},"sourceUploadUrl":"https://storage.googleapis.com/uploads-646814349567.us-central1.cloudfunctions.appspot.com/b4f5a6fe-a4e7-4ccf-8d39-d8c2aa453c9d.zip","environmentVariables":{"FIREBASE_CONFIG":"{\"projectId\":\"lhome-39be5\",\"databaseURL\":\"https://lhome-39be5-default-rtdb.firebaseio.com\",\"storageBucket\":\"lhome-39be5.appspot.com\",\"locationId\":\"us-east1\"}"},"runtime":"nodejs10","ingressSettings":"ALLOW_ALL","buildId":"ddf8c166-d9ed-4ecf-9c91-0c72096b26e4","buildName":"projects/737236759307/locations/us-east1/builds/ddf8c166-d9ed-4ecf-9c91-0c72096b26e4","dockerRegistry":"CONTAINER_REGISTRY"},{"name":"projects/lhome-39be5/locations/us-east1/functions/addressSearch","httpsTrigger":{"url":"https://us-east1-lhome-39be5.cloudfunctions.net/addressSearch","securityLevel":"SECURE_ALWAYS"},"status":"ACTIVE","entryPoint":"addressSearch","timeout":"60s","availableMemoryMb":256,"updateTime":"2023-05-08T19:07:19.842Z","versionId":"3","labels":{"deployment-tool":"cli-firebase","firebase-functions-hash":"6186d0a6b1960a0e689c2f728a179659bcc6f0ce"},"sourceUploadUrl":"https://storage.googleapis.com/uploads-959316359579.us-east1.cloudfunctions.appspot.com/e0af6813-1916-4d6e-ab71-fe8813d6b4cf.zip","environmentVariables":{"API_KEY":"54bdffb1-643b-4cea-aae0-d13127d442f5","FIREBASE_CONFIG":"{\"projectId\":\"lhome-39be5\",\"databaseURL\":\"https://lhome-39be5-default-rtdb.firebaseio.com\",\"storageBucket\":\"lhome-39be5.appspot.com\",\"locationId\":\"us-east1\"}","GCLOUD_PROJECT":"lhome-39be5","EVENTARC_CLOUD_EVENT_SOURCE":"projects/lhome-39be5/locations/us-east1/functions/addressSearch"},"runtime":"nodejs18","ingressSettings":"ALLOW_ALL","buildId":"78389156-7cc1-4e9d-8e10-9b2bf23a4ee8","buildName":"projects/737236759307/locations/us-east1/builds/78389156-7cc1-4e9d-8e10-9b2bf23a4ee8","dockerRegistry":"ARTIFACT_REGISTRY"},{"name":"projects/lhome-39be5/locations/us-east1/functions/checkEmail","httpsTrigger":{"url":"https://us-east1-lhome-39be5.cloudfunctions.net/checkEmail","securityLevel":"SECURE_ALWAYS"},"status":"ACTIVE","entryPoint":"checkEmail","timeout":"60s","availableMemoryMb":256,"serviceAccountEmail":"lhome-39be5@appspot.gserviceaccount.com","updateTime":"2023-04-16T00:21:16.074Z","versionId":"1","labels":{"deployment-tool":"cli-firebase","firebase-functions-hash":"932baea0bc8422a2d1ae8a2def0f951cf480b2cc"},"sourceUploadUrl":"https://storage.googleapis.com/uploads-959316359579.us-east1.cloudfunctions.appspot.com/ae47cd74-c3ef-4f0e-b299-780b5e54b51f.zip","environmentVariables":{"FIREBASE_CONFIG":"{\"projectId\":\"lhome-39be5\",\"databaseURL\":\"https://lhome-39be5-default-rtdb.firebaseio.com\",\"storageBucket\":\"lhome-39be5.appspot.com\",\"locationId\":\"us-east1\"}","GCLOUD_PROJECT":"lhome-39be5","EVENTARC_CLOUD_EVENT_SOURCE":"projects/lhome-39be5/locations/us-east1/functions/checkEmail"},"runtime":"nodejs18","ingressSettings":"ALLOW_ALL","buildId":"50f41bcf-f9e1-491b-9e59-0c504273b29d","buildName":"projects/737236759307/locations/us-east1/builds/50f41bcf-f9e1-491b-9e59-0c504273b29d","dockerRegistry":"ARTIFACT_REGISTRY"},{"name":"projects/lhome-39be5/locations/us-east1/functions/coupon","httpsTrigger":{"url":"https://us-east1-lhome-39be5.cloudfunctions.net/coupon","securityLevel":"SECURE_ALWAYS"},"status":"ACTIVE","entryPoint":"coupon","timeout":"60s","availableMemoryMb":256,"serviceAccountEmail":"lhome-39be5@appspot.gserviceaccount.com","updateTime":"2023-05-12T14:10:15.827Z","versionId":"2","labels":{"deployment-tool":"cli-firebase","firebase-functions-hash":"b1450067759e0e21d2a21f028c2daab36e1badb5"},"sourceUploadUrl":"https://storage.googleapis.com/uploads-959316359579.us-east1.cloudfunctions.appspot.com/7eb2cda2-f442-4140-bd78-e6cea6334bba.zip","environmentVariables":{"API_KEY":"f9c2995f-6d59-4ae1-a888-ae887eb99f16","API_SECRET":"Y!r6y6Yiq4AKv!QGK4_!KBVZcvpRmiggrh4JVuZhLDPdoUKqn4P*EiszGf!.*oqXXXZoR3FC39uYb3fvJ","FIREBASE_CONFIG":"{\"projectId\":\"lhome-39be5\",\"databaseURL\":\"https://lhome-39be5-default-rtdb.firebaseio.com\",\"storageBucket\":\"lhome-39be5.appspot.com\",\"locationId\":\"us-east1\"}","GCLOUD_PROJECT":"lhome-39be5","EVENTARC_CLOUD_EVENT_SOURCE":"projects/lhome-39be5/locations/us-east1/functions/coupon"},"runtime":"nodejs18","ingressSettings":"ALLOW_ALL","buildId":"594a7f51-8797-4138-ae9c-0c0d098a38c6","buildName":"projects/737236759307/locations/us-east1/builds/594a7f51-8797-4138-ae9c-0c0d098a38c6","dockerRegistry":"ARTIFACT_REGISTRY"},{"name":"projects/lhome-39be5/locations/us-east1/functions/cybersource","httpsTrigger":{"url":"https://us-east1-lhome-39be5.cloudfunctions.net/cybersource","securityLevel":"SECURE_ALWAYS"},"status":"ACTIVE","entryPoint":"cybersource","timeout":"60s","availableMemoryMb":256,"updateTime":"2023-07-01T20:14:15.148Z","versionId":"12","labels":{"deployment-tool":"cli-firebase","firebase-functions-hash":"4a91d47dc6e2cf95944ef560def09eb5ad6d6fa4"},"sourceUploadUrl":"https://storage.googleapis.com/uploads-959316359579.us-east1.cloudfunctions.appspot.com/4b342ee5-327f-422a-885a-62a6d4b96751.zip","environmentVariables":{"ACCESS_KEY":"cf582d7fe0813b878d13c8a99b9b196f","PROFILE_ID":"706C24CD-0E25-4AE9-9CBE-5551EB5AB8B9","SIGNATURE":"83bea2dcfd694a0e8a7edbae99be788a6d3d0dc4e5984a34934d2b9b32fa9c339154bed72f5547faa218489c6bd46205b03b8196a0d542f3bd9d83544ca55d76a823436e9a5845bc935b18cfed73580841c8735e84c640aaa7cc26a8a865cacec24757ab9fa44599a4506ac8413de9e19216f63818754e7bb6067acf7abde533","FIREBASE_CONFIG":"{\"projectId\":\"lhome-39be5\",\"databaseURL\":\"https://lhome-39be5-default-rtdb.firebaseio.com\",\"storageBucket\":\"lhome-39be5.appspot.com\",\"locationId\":\"us-east1\"}","GCLOUD_PROJECT":"lhome-39be5","EVENTARC_CLOUD_EVENT_SOURCE":"projects/lhome-39be5/locations/us-east1/functions/cybersource"},"runtime":"nodejs18","ingressSettings":"ALLOW_ALL","buildId":"afb9b2b4-4b9d-41f5-9945-54a76e63b72d","buildName":"projects/737236759307/locations/us-east1/builds/afb9b2b4-4b9d-41f5-9945-54a76e63b72d","dockerRegistry":"ARTIFACT_REGISTRY"},{"name":"projects/lhome-39be5/locations/us-east1/functions/fbsmtp","httpsTrigger":{"url":"https://us-east1-lhome-39be5.cloudfunctions.net/fbsmtp","securityLevel":"SECURE_ALWAYS"},"status":"ACTIVE","entryPoint":"fbsmtp","timeout":"60s","availableMemoryMb":256,"serviceAccountEmail":"lhome-39be5@appspot.gserviceaccount.com","updateTime":"2023-04-16T00:21:21.985Z","versionId":"1","labels":{"deployment-tool":"cli-firebase","firebase-functions-hash":"932baea0bc8422a2d1ae8a2def0f951cf480b2cc"},"sourceUploadUrl":"https://storage.googleapis.com/uploads-959316359579.us-east1.cloudfunctions.appspot.com/ae47cd74-c3ef-4f0e-b299-780b5e54b51f.zip","environmentVariables":{"FIREBASE_CONFIG":"{\"projectId\":\"lhome-39be5\",\"databaseURL\":\"https://lhome-39be5-default-rtdb.firebaseio.com\",\"storageBucket\":\"lhome-39be5.appspot.com\",\"locationId\":\"us-east1\"}","GCLOUD_PROJECT":"lhome-39be5","EVENTARC_CLOUD_EVENT_SOURCE":"projects/lhome-39be5/locations/us-east1/functions/fbsmtp"},"runtime":"nodejs18","ingressSettings":"ALLOW_ALL","buildId":"50f41bcf-f9e1-491b-9e59-0c504273b29d","buildName":"projects/737236759307/locations/us-east1/builds/50f41bcf-f9e1-491b-9e59-0c504273b29d","dockerRegistry":"ARTIFACT_REGISTRY"},{"name":"projects/lhome-39be5/locations/us-east1/functions/ffPrivateApiCall","httpsTrigger":{"url":"https://us-east1-lhome-39be5.cloudfunctions.net/ffPrivateApiCall","securityLevel":"SECURE_OPTIONAL"},"status":"ACTIVE","entryPoint":"ffPrivateApiCall","timeout":"120s","availableMemoryMb":256,"serviceAccountEmail":"lhome-39be5@appspot.gserviceaccount.com","updateTime":"2023-05-08T00:41:42.815Z","versionId":"3","labels":{"deployment-callable":"true","deployment-tool":"cli-firebase"},"sourceUploadUrl":"https://storage.googleapis.com/uploads-646814349567.us-central1.cloudfunctions.appspot.com/42d10193-9d4e-4944-b11d-499bc8157082.zip","environmentVariables":{"FIREBASE_CONFIG":"{\"projectId\":\"lhome-39be5\",\"databaseURL\":\"https://lhome-39be5-default-rtdb.firebaseio.com\",\"storageBucket\":\"lhome-39be5.appspot.com\",\"locationId\":\"us-east1\"}"},"runtime":"nodejs10","ingressSettings":"ALLOW_ALL","buildId":"52e6abf6-49c8-49eb-a02f-7478248ce055","minInstances":1,"buildName":"projects/737236759307/locations/us-east1/builds/52e6abf6-49c8-49eb-a02f-7478248ce055","dockerRegistry":"CONTAINER_REGISTRY"},{"name":"projects/lhome-39be5/locations/us-east1/functions/newAddress","httpsTrigger":{"url":"https://us-east1-lhome-39be5.cloudfunctions.net/newAddress","securityLevel":"SECURE_ALWAYS"},"status":"ACTIVE","entryPoint":"newAddress","timeout":"60s","availableMemoryMb":256,"serviceAccountEmail":"lhome-39be5@appspot.gserviceaccount.com","updateTime":"2023-05-08T20:52:17.151Z","versionId":"1","labels":{"deployment-tool":"cli-firebase","firebase-functions-hash":"0046883b38ce062eea4c56bc502994ee35a6475d"},"sourceUploadUrl":"https://storage.googleapis.com/uploads-959316359579.us-east1.cloudfunctions.appspot.com/7c5c0960-e9d9-4494-977c-1217e4f0524f.zip","environmentVariables":{"NODE_ENV":"sandbox","API_KEY":"f9c2995f-6d59-4ae1-a888-ae887eb99f16123","API_SECRET":"Y!r6y6Yiq4AKv!QGK4_!KBVZcvpRmiggrh4JVuZhLDPdoUKqn4P*EiszGf!.*oqXXXZoR3FC39uYb3fvJ123","EMAIL_USER":"dcordero@lavanda.com.pa","EMAIL_PASS":"cutregwdtvrbwjru","SQUARE_ACCESS_TOKEN":"EAAAEHVkO-v-ReBO9wn8ZkGpbM6X9WhTWHueV3tvjsqAxXGlGwdKAh_WOHh7rrbF","SQUARE_URL":"https://connect.squareupsandbox.com/v2/customers","SQUARE_APPLICATION_ID":"sandbox-sq0idb-u1niR9Vym9DXLn7gcbaOSg","FIREBASE_CONFIG":"{\"projectId\":\"lhome-39be5\",\"databaseURL\":\"https://lhome-39be5-default-rtdb.firebaseio.com\",\"storageBucket\":\"lhome-39be5.appspot.com\",\"locationId\":\"us-east1\"}","GCLOUD_PROJECT":"lhome-39be5","EVENTARC_CLOUD_EVENT_SOURCE":"projects/lhome-39be5/locations/us-east1/functions/newAddress"},"runtime":"nodejs18","ingressSettings":"ALLOW_ALL","buildId":"befd1b82-3420-45fe-808a-e9aab0025c2b","buildName":"projects/737236759307/locations/us-east1/builds/befd1b82-3420-45fe-808a-e9aab0025c2b","dockerRegistry":"ARTIFACT_REGISTRY"},{"name":"projects/lhome-39be5/locations/us-east1/functions/register","httpsTrigger":{"url":"https://us-east1-lhome-39be5.cloudfunctions.net/register","securityLevel":"SECURE_ALWAYS"},"status":"ACTIVE","entryPoint":"register","timeout":"60s","availableMemoryMb":256,"serviceAccountEmail":"lhome-39be5@appspot.gserviceaccount.com","updateTime":"2023-05-06T20:21:10.357Z","versionId":"17","labels":{"deployment-tool":"cli-firebase","firebase-functions-hash":"55c9ba36f5ab425781dcc0ca61c0c81bd897fd25"},"sourceUploadUrl":"https://storage.googleapis.com/uploads-959316359579.us-east1.cloudfunctions.appspot.com/85dbff38-1cc8-4309-906d-3d5340a86359.zip","environmentVariables":{"API_KEY":"f9c2995f-6d59-4ae1-a888-ae887eb99f16","API_SECRET":"Y!r6y6Yiq4AKv!QGK4_!KBVZcvpRmiggrh4JVuZhLDPdoUKqn4P*EiszGf!.*oqXXXZoR3FC39uYb3fvJ","SQUARE_ACCESS_TOKEN":"EAAAEHVkO-v-ReBO9wn8ZkGpbM6X9WhTWHueV3tvjsqAxXGlGwdKAh_WOHh7rrbF","EMAIL_USER":"dcordero@lavanda.com.pa","EMAIL_PASS":"cutregwdtvrbwjru","FIREBASE_CONFIG":"{\"projectId\":\"lhome-39be5\",\"databaseURL\":\"https://lhome-39be5-default-rtdb.firebaseio.com\",\"storageBucket\":\"lhome-39be5.appspot.com\",\"locationId\":\"us-east1\"}","GCLOUD_PROJECT":"lhome-39be5","EVENTARC_CLOUD_EVENT_SOURCE":"projects/lhome-39be5/locations/us-east1/functions/register"},"runtime":"nodejs18","ingressSettings":"ALLOW_ALL","buildId":"405bd591-a342-4cfe-b108-86f1434f8d5a","buildName":"projects/737236759307/locations/us-east1/builds/405bd591-a342-4cfe-b108-86f1434f8d5a","dockerRegistry":"ARTIFACT_REGISTRY"},{"name":"projects/lhome-39be5/locations/us-east1/functions/scheduledFunction","eventTrigger":{"eventType":"google.pubsub.topic.publish","resource":"projects/lhome-39be5/topics/firebase-schedule-scheduledFunction-us-east1","service":"pubsub.googleapis.com","failurePolicy":{}},"status":"ACTIVE","entryPoint":"scheduledFunction","timeout":"60s","availableMemoryMb":256,"serviceAccountEmail":"lhome-39be5@appspot.gserviceaccount.com","updateTime":"2023-05-11T01:20:11.011Z","versionId":"1","labels":{"deployment-tool":"cli-firebase","deployment-scheduled":"true","firebase-functions-hash":"8d006d12167665a4967a3ae6404df30efdfa97ff"},"sourceUploadUrl":"https://storage.googleapis.com/uploads-959316359579.us-east1.cloudfunctions.appspot.com/ccb3e24d-1019-4937-89af-498e2bd75ae0.zip","environmentVariables":{"FIREBASE_CONFIG":"{\"projectId\":\"lhome-39be5\",\"databaseURL\":\"https://lhome-39be5-default-rtdb.firebaseio.com\",\"storageBucket\":\"lhome-39be5.appspot.com\",\"locationId\":\"us-east1\"}","GCLOUD_PROJECT":"lhome-39be5","EVENTARC_CLOUD_EVENT_SOURCE":"projects/lhome-39be5/locations/us-east1/functions/scheduledFunction"},"runtime":"nodejs16","maxInstances":3000,"ingressSettings":"ALLOW_ALL","buildId":"d279a6c3-a941-4071-bdc5-c8d3c5c0ae6a","buildName":"projects/737236759307/locations/us-east1/builds/d279a6c3-a941-4071-bdc5-c8d3c5c0ae6a","dockerRegistry":"ARTIFACT_REGISTRY"},{"name":"projects/lhome-39be5/locations/us-east1/functions/sendPushNotificationsTrigger","eventTrigger":{"eventType":"providers/cloud.firestore/eventTypes/document.create","resource":"projects/lhome-39be5/databases/(default)/documents/ff_push_notifications/{id}","service":"firestore.googleapis.com","failurePolicy":{}},"status":"ACTIVE","entryPoint":"sendPushNotificationsTrigger","timeout":"540s","availableMemoryMb":2048,"serviceAccountEmail":"lhome-39be5@appspot.gserviceaccount.com","updateTime":"2023-05-05T22:03:30.008Z","versionId":"5","labels":{"deployment-tool":"cli-firebase"},"sourceUploadUrl":"https://storage.googleapis.com/uploads-646814349567.us-central1.cloudfunctions.appspot.com/b4f5a6fe-a4e7-4ccf-8d39-d8c2aa453c9d.zip","environmentVariables":{"FIREBASE_CONFIG":"{\"projectId\":\"lhome-39be5\",\"databaseURL\":\"https://lhome-39be5-default-rtdb.firebaseio.com\",\"storageBucket\":\"lhome-39be5.appspot.com\",\"locationId\":\"us-east1\"}"},"runtime":"nodejs10","maxInstances":3000,"ingressSettings":"ALLOW_ALL","buildId":"ddf8c166-d9ed-4ecf-9c91-0c72096b26e4","buildName":"projects/737236759307/locations/us-east1/builds/ddf8c166-d9ed-4ecf-9c91-0c72096b26e4","dockerRegistry":"CONTAINER_REGISTRY"},{"name":"projects/lhome-39be5/locations/us-east1/functions/sendScheduledPushNotifications","eventTrigger":{"eventType":"google.pubsub.topic.publish","resource":"projects/lhome-39be5/topics/firebase-schedule-sendScheduledPushNotifications-us-east1","service":"pubsub.googleapis.com","failurePolicy":{}},"status":"ACTIVE","entryPoint":"sendScheduledPushNotifications","timeout":"60s","availableMemoryMb":256,"serviceAccountEmail":"lhome-39be5@appspot.gserviceaccount.com","updateTime":"2023-05-05T22:03:30.590Z","versionId":"5","labels":{"deployment-scheduled":"true","deployment-tool":"cli-firebase"},"sourceUploadUrl":"https://storage.googleapis.com/uploads-646814349567.us-central1.cloudfunctions.appspot.com/b4f5a6fe-a4e7-4ccf-8d39-d8c2aa453c9d.zip","environmentVariables":{"FIREBASE_CONFIG":"{\"projectId\":\"lhome-39be5\",\"databaseURL\":\"https://lhome-39be5-default-rtdb.firebaseio.com\",\"storageBucket\":\"lhome-39be5.appspot.com\",\"locationId\":\"us-east1\"}"},"runtime":"nodejs10","maxInstances":3000,"ingressSettings":"ALLOW_ALL","buildId":"ddf8c166-d9ed-4ecf-9c91-0c72096b26e4","buildName":"projects/737236759307/locations/us-east1/builds/ddf8c166-d9ed-4ecf-9c91-0c72096b26e4","dockerRegistry":"CONTAINER_REGISTRY"}]}
[debug] [2023-07-07T19:11:08.977Z] >>> [apiv2][query] GET https://cloudfunctions.googleapis.com/v2/projects/lhome-39be5/locations/-/functions filter=environment%3D%22GEN_2%22
[debug] [2023-07-07T19:11:09.615Z] <<< [apiv2][status] GET https://cloudfunctions.googleapis.com/v2/projects/lhome-39be5/locations/-/functions 200
[debug] [2023-07-07T19:11:09.615Z] <<< [apiv2][body] GET https://cloudfunctions.googleapis.com/v2/projects/lhome-39be5/locations/-/functions {}
[debug] [2023-07-07T19:11:09.620Z] >>> [apiv2][query] GET https://firebase.googleapis.com/v1beta1/projects/lhome-39be5 [none]
[debug] [2023-07-07T19:11:09.893Z] <<< [apiv2][status] GET https://firebase.googleapis.com/v1beta1/projects/lhome-39be5 200
[debug] [2023-07-07T19:11:09.893Z] <<< [apiv2][body] GET https://firebase.googleapis.com/v1beta1/projects/lhome-39be5 {"projectId":"lhome-39be5","projectNumber":"737236759307","displayName":"Lavanda Home","name":"projects/lhome-39be5","resources":{"hostingSite":"lhome-39be5","realtimeDatabaseInstance":"lhome-39be5-default-rtdb","storageBucket":"lhome-39be5.appspot.com","locationId":"us-east1"},"state":"ACTIVE","etag":"1_03652186-2f86-4daa-a1f8-d4bd7f5f9b83"}
[debug] [2023-07-07T19:11:09.895Z] >>> [apiv2][query] POST https://cloudfunctions.googleapis.com/v1/projects/lhome-39be5/locations/us-east1/functions:generateUploadUrl [none]
[debug] [2023-07-07T19:11:09.895Z] >>> [apiv2][body] POST https://cloudfunctions.googleapis.com/v1/projects/lhome-39be5/locations/us-east1/functions:generateUploadUrl {}
[debug] [2023-07-07T19:11:11.497Z] <<< [apiv2][status] POST https://cloudfunctions.googleapis.com/v1/projects/lhome-39be5/locations/us-east1/functions:generateUploadUrl 200
[debug] [2023-07-07T19:11:11.497Z] <<< [apiv2][body] POST https://cloudfunctions.googleapis.com/v1/projects/lhome-39be5/locations/us-east1/functions:generateUploadUrl {"uploadUrl":"https://storage.googleapis.com/uploads-959316359579.us-east1.cloudfunctions.appspot.com/fed56252-c222-48b0-bef1-8686a9c24418.zip?GoogleAccessId=service-737236759307@gcf-admin-robot.iam.gserviceaccount.com&Expires=1688758871&Signature=GqcM5zUqo4WKiO4rLoGUOowal3oz1gnvxbApH%2FObC1AciLmyS%2FwCDzvobbUN4Cv3IreL8n04P7y1leLmW7M%2BocmcDGF6U22qpRU0XPkEbjXgfU4FM6FCreNCHS2%2BRasqzUHQCEhpf4n%2BZvEYz8ZDUvD8uZ7y6BPweM8JX2xWZFbn67JObJs1Kbb1odNP9EhY8kI%2BgXmW83P3W89vLKbfdzTj0XQaAmwkjCpbnv%2Bl5buQuBTBN3y3ev34UgqcqtDTvi43OvoLVg%2BQ11A3LqXMcaOPIRjESGfL9kPxyuFeBLeuUo6hPW05PHPGBZwMxes%2Fk4rR%2Bw5P%2FYKTvkghh1I3ZQ%3D%3D"}
[debug] [2023-07-07T19:11:11.499Z] >>> [apiv2][query] PUT https://storage.googleapis.com/uploads-959316359579.us-east1.cloudfunctions.appspot.com/fed56252-c222-48b0-bef1-8686a9c24418.zip GoogleAccessId=service-737236759307%40gcf-admin-robot.iam.gserviceaccount.com&Expires=1688758871&Signature=GqcM5zUqo4WKiO4rLoGUOowal3oz1gnvxbApH%2FObC1AciLmyS%2FwCDzvobbUN4Cv3IreL8n04P7y1leLmW7M%2BocmcDGF6U22qpRU0XPkEbjXgfU4FM6FCreNCHS2%2BRasqzUHQCEhpf4n%2BZvEYz8ZDUvD8uZ7y6BPweM8JX2xWZFbn67JObJs1Kbb1odNP9EhY8kI%2BgXmW83P3W89vLKbfdzTj0XQaAmwkjCpbnv%2Bl5buQuBTBN3y3ev34UgqcqtDTvi43OvoLVg%2BQ11A3LqXMcaOPIRjESGfL9kPxyuFeBLeuUo6hPW05PHPGBZwMxes%2Fk4rR%2Bw5P%2FYKTvkghh1I3ZQ%3D%3D
[debug] [2023-07-07T19:11:11.499Z] >>> [apiv2][body] PUT https://storage.googleapis.com/uploads-959316359579.us-east1.cloudfunctions.appspot.com/fed56252-c222-48b0-bef1-8686a9c24418.zip [stream]
[debug] [2023-07-07T19:11:11.868Z] <<< [apiv2][status] PUT https://storage.googleapis.com/uploads-959316359579.us-east1.cloudfunctions.appspot.com/fed56252-c222-48b0-bef1-8686a9c24418.zip 200
[debug] [2023-07-07T19:11:11.869Z] <<< [apiv2][body] PUT https://storage.googleapis.com/uploads-959316359579.us-east1.cloudfunctions.appspot.com/fed56252-c222-48b0-bef1-8686a9c24418.zip [omitted]
[info] ✔  functions: functions folder uploaded successfully 
[info] 
The following functions are found in your project but do not exist in your local source code:
	onUserDeleted(us-central1)
	addFcmToken(us-east1)
	addressSearch(us-east1)
	checkEmail(us-east1)
	coupon(us-east1)
	fbsmtp(us-east1)
	ffPrivateApiCall(us-east1)
	newAddress(us-east1)
	register(us-east1)
	scheduledFunction(us-east1)
	sendPushNotificationsTrigger(us-east1)
	sendScheduledPushNotifications(us-east1)

If you are renaming a function or changing its region, it is recommended that you create the new function first before deleting the old one to prevent event loss. For more info, visit https://firebase.google.com/docs/functions/manage-functions#modify

[info] i  functions: updating Node.js 18 (1st Gen) function cybersource(us-east1)... 
[debug] [2023-07-07T19:11:20.493Z] >>> [apiv2][query] PATCH https://cloudfunctions.googleapis.com/v1/projects/lhome-39be5/locations/us-east1/functions/cybersource updateMask=name%2CsourceUploadUrl%2CentryPoint%2Cruntime%2CdockerRegistry%2Clabels%2ChttpsTrigger.securityLevel%2CminInstances%2CmaxInstances%2CingressSettings%2CenvironmentVariables%2CserviceAccountEmail%2CavailableMemoryMb%2Ctimeout%2CvpcConnector%2CvpcConnectorEgressSettings%2CsourceToken%2CbuildEnvironmentVariables
[debug] [2023-07-07T19:11:20.494Z] >>> [apiv2][body] PATCH https://cloudfunctions.googleapis.com/v1/projects/lhome-39be5/locations/us-east1/functions/cybersource {"name":"projects/lhome-39be5/locations/us-east1/functions/cybersource","sourceUploadUrl":"https://storage.googleapis.com/uploads-959316359579.us-east1.cloudfunctions.appspot.com/fed56252-c222-48b0-bef1-8686a9c24418.zip?GoogleAccessId=service-737236759307@gcf-admin-robot.iam.gserviceaccount.com&Expires=1688758871&Signature=GqcM5zUqo4WKiO4rLoGUOowal3oz1gnvxbApH%2FObC1AciLmyS%2FwCDzvobbUN4Cv3IreL8n04P7y1leLmW7M%2BocmcDGF6U22qpRU0XPkEbjXgfU4FM6FCreNCHS2%2BRasqzUHQCEhpf4n%2BZvEYz8ZDUvD8uZ7y6BPweM8JX2xWZFbn67JObJs1Kbb1odNP9EhY8kI%2BgXmW83P3W89vLKbfdzTj0XQaAmwkjCpbnv%2Bl5buQuBTBN3y3ev34UgqcqtDTvi43OvoLVg%2BQ11A3LqXMcaOPIRjESGfL9kPxyuFeBLeuUo6hPW05PHPGBZwMxes%2Fk4rR%2Bw5P%2FYKTvkghh1I3ZQ%3D%3D","entryPoint":"cybersource","runtime":"nodejs18","dockerRegistry":"ARTIFACT_REGISTRY","labels":{"deployment-tool":"cli-firebase","firebase-functions-hash":"6f11a614e1b8a70dfb1dfa2852f35ac7e8ae37bc"},"httpsTrigger":{"securityLevel":"SECURE_ALWAYS"},"minInstances":null,"maxInstances":null,"ingressSettings":null,"environmentVariables":{"ACCESS_KEY":"cf582d7fe0813b878d13c8a99b9b196f","PROFILE_ID":"706C24CD-0E25-4AE9-9CBE-5551EB5AB8B9","SIGNATURE":"83bea2dcfd694a0e8a7edbae99be788a6d3d0dc4e5984a34934d2b9b32fa9c339154bed72f5547faa218489c6bd46205b03b8196a0d542f3bd9d83544ca55d76a823436e9a5845bc935b18cfed73580841c8735e84c640aaa7cc26a8a865cacec24757ab9fa44599a4506ac8413de9e19216f63818754e7bb6067acf7abde533","API_SECRET":"e10fed8c-csjg-3562-ot4f-85393b056f40","API_KEY":"FiTFuRP9JuZw7CmmQ5cEAOOefzhwhTI4HN0519VsleCzR1B4rFJ33I4DuORat9TzdPNo0hHiWXeMoM6EELZELBgygTWS9ZUkz49A6SdVGUgRom6Cc1AcGMaDWGFkRMuT","FIREBASE_CONFIG":"{\"projectId\":\"lhome-39be5\",\"databaseURL\":\"https://lhome-39be5-default-rtdb.firebaseio.com\",\"storageBucket\":\"lhome-39be5.appspot.com\",\"locationId\":\"us-east1\"}","GCLOUD_PROJECT":"lhome-39be5","EVENTARC_CLOUD_EVENT_SOURCE":"projects/lhome-39be5/locations/us-east1/functions/cybersource"},"serviceAccountEmail":null,"availableMemoryMb":null,"timeout":null,"vpcConnector":null,"vpcConnectorEgressSettings":null,"buildEnvironmentVariables":{"GOOGLE_NODE_RUN_SCRIPTS":""}}
[debug] [2023-07-07T19:11:21.935Z] <<< [apiv2][status] PATCH https://cloudfunctions.googleapis.com/v1/projects/lhome-39be5/locations/us-east1/functions/cybersource 200
[debug] [2023-07-07T19:11:21.935Z] <<< [apiv2][body] PATCH https://cloudfunctions.googleapis.com/v1/projects/lhome-39be5/locations/us-east1/functions/cybersource {"name":"operations/bGhvbWUtMzliZTUvdXMtZWFzdDEvY3liZXJzb3VyY2UveVJrUV96YzBPSEU","metadata":{"@type":"type.googleapis.com/google.cloud.functions.v1.OperationMetadataV1","target":"projects/lhome-39be5/locations/us-east1/functions/cybersource","type":"UPDATE_FUNCTION","request":{"@type":"type.googleapis.com/google.cloud.functions.v1.CloudFunction","name":"projects/lhome-39be5/locations/us-east1/functions/cybersource","httpsTrigger":{"url":"https://us-east1-lhome-39be5.cloudfunctions.net/cybersource","securityLevel":"SECURE_ALWAYS"},"status":"ACTIVE","entryPoint":"cybersource","updateTime":"2023-07-01T20:14:15.148Z","versionId":"12","labels":{"deployment-tool":"cli-firebase","firebase-functions-hash":"6f11a614e1b8a70dfb1dfa2852f35ac7e8ae37bc"},"sourceUploadUrl":"https://storage.googleapis.com/uploads-959316359579.us-east1.cloudfunctions.appspot.com/fed56252-c222-48b0-bef1-8686a9c24418.zip?GoogleAccessId=service-737236759307@gcf-admin-robot.iam.gserviceaccount.com&Expires=1688758871&Signature=GqcM5zUqo4WKiO4rLoGUOowal3oz1gnvxbApH%2FObC1AciLmyS%2FwCDzvobbUN4Cv3IreL8n04P7y1leLmW7M%2BocmcDGF6U22qpRU0XPkEbjXgfU4FM6FCreNCHS2%2BRasqzUHQCEhpf4n%2BZvEYz8ZDUvD8uZ7y6BPweM8JX2xWZFbn67JObJs1Kbb1odNP9EhY8kI%2BgXmW83P3W89vLKbfdzTj0XQaAmwkjCpbnv%2Bl5buQuBTBN3y3ev34UgqcqtDTvi43OvoLVg%2BQ11A3LqXMcaOPIRjESGfL9kPxyuFeBLeuUo6hPW05PHPGBZwMxes%2Fk4rR%2Bw5P%2FYKTvkghh1I3ZQ%3D%3D","environmentVariables":{"ACCESS_KEY":"cf582d7fe0813b878d13c8a99b9b196f","PROFILE_ID":"706C24CD-0E25-4AE9-9CBE-5551EB5AB8B9","SIGNATURE":"83bea2dcfd694a0e8a7edbae99be788a6d3d0dc4e5984a34934d2b9b32fa9c339154bed72f5547faa218489c6bd46205b03b8196a0d542f3bd9d83544ca55d76a823436e9a5845bc935b18cfed73580841c8735e84c640aaa7cc26a8a865cacec24757ab9fa44599a4506ac8413de9e19216f63818754e7bb6067acf7abde533","API_SECRET":"e10fed8c-csjg-3562-ot4f-85393b056f40","API_KEY":"FiTFuRP9JuZw7CmmQ5cEAOOefzhwhTI4HN0519VsleCzR1B4rFJ33I4DuORat9TzdPNo0hHiWXeMoM6EELZELBgygTWS9ZUkz49A6SdVGUgRom6Cc1AcGMaDWGFkRMuT","FIREBASE_CONFIG":"{\"projectId\":\"lhome-39be5\",\"databaseURL\":\"https://lhome-39be5-default-rtdb.firebaseio.com\",\"storageBucket\":\"lhome-39be5.appspot.com\",\"locationId\":\"us-east1\"}","GCLOUD_PROJECT":"lhome-39be5","EVENTARC_CLOUD_EVENT_SOURCE":"projects/lhome-39be5/locations/us-east1/functions/cybersource"},"runtime":"nodejs18","buildId":"afb9b2b4-4b9d-41f5-9945-54a76e63b72d","buildEnvironmentVariables":{"GOOGLE_NODE_RUN_SCRIPTS":""},"buildName":"projects/737236759307/locations/us-east1/builds/afb9b2b4-4b9d-41f5-9945-54a76e63b72d","dockerRegistry":"ARTIFACT_REGISTRY"},"versionId":"13","updateTime":"2023-07-07T19:11:21Z"}}
[debug] [2023-07-07T19:11:21.937Z] >>> [apiv2][query] GET https://cloudfunctions.googleapis.com/v1/operations/bGhvbWUtMzliZTUvdXMtZWFzdDEvY3liZXJzb3VyY2UveVJrUV96YzBPSEU [none]
[debug] [2023-07-07T19:11:22.381Z] <<< [apiv2][status] GET https://cloudfunctions.googleapis.com/v1/operations/bGhvbWUtMzliZTUvdXMtZWFzdDEvY3liZXJzb3VyY2UveVJrUV96YzBPSEU 200
[debug] [2023-07-07T19:11:22.381Z] <<< [apiv2][body] GET https://cloudfunctions.googleapis.com/v1/operations/bGhvbWUtMzliZTUvdXMtZWFzdDEvY3liZXJzb3VyY2UveVJrUV96YzBPSEU {"name":"operations/bGhvbWUtMzliZTUvdXMtZWFzdDEvY3liZXJzb3VyY2UveVJrUV96YzBPSEU","metadata":{"@type":"type.googleapis.com/google.cloud.functions.v1.OperationMetadataV1","target":"projects/lhome-39be5/locations/us-east1/functions/cybersource","type":"UPDATE_FUNCTION","request":{"@type":"type.googleapis.com/google.cloud.functions.v1.CloudFunction","name":"projects/lhome-39be5/locations/us-east1/functions/cybersource","httpsTrigger":{"url":"https://us-east1-lhome-39be5.cloudfunctions.net/cybersource","securityLevel":"SECURE_ALWAYS"},"status":"ACTIVE","entryPoint":"cybersource","updateTime":"2023-07-01T20:14:15.148Z","versionId":"12","labels":{"deployment-tool":"cli-firebase","firebase-functions-hash":"6f11a614e1b8a70dfb1dfa2852f35ac7e8ae37bc"},"sourceUploadUrl":"https://storage.googleapis.com/uploads-959316359579.us-east1.cloudfunctions.appspot.com/fed56252-c222-48b0-bef1-8686a9c24418.zip?GoogleAccessId=service-737236759307@gcf-admin-robot.iam.gserviceaccount.com&Expires=1688758871&Signature=GqcM5zUqo4WKiO4rLoGUOowal3oz1gnvxbApH%2FObC1AciLmyS%2FwCDzvobbUN4Cv3IreL8n04P7y1leLmW7M%2BocmcDGF6U22qpRU0XPkEbjXgfU4FM6FCreNCHS2%2BRasqzUHQCEhpf4n%2BZvEYz8ZDUvD8uZ7y6BPweM8JX2xWZFbn67JObJs1Kbb1odNP9EhY8kI%2BgXmW83P3W89vLKbfdzTj0XQaAmwkjCpbnv%2Bl5buQuBTBN3y3ev34UgqcqtDTvi43OvoLVg%2BQ11A3LqXMcaOPIRjESGfL9kPxyuFeBLeuUo6hPW05PHPGBZwMxes%2Fk4rR%2Bw5P%2FYKTvkghh1I3ZQ%3D%3D","environmentVariables":{"ACCESS_KEY":"cf582d7fe0813b878d13c8a99b9b196f","PROFILE_ID":"706C24CD-0E25-4AE9-9CBE-5551EB5AB8B9","SIGNATURE":"83bea2dcfd694a0e8a7edbae99be788a6d3d0dc4e5984a34934d2b9b32fa9c339154bed72f5547faa218489c6bd46205b03b8196a0d542f3bd9d83544ca55d76a823436e9a5845bc935b18cfed73580841c8735e84c640aaa7cc26a8a865cacec24757ab9fa44599a4506ac8413de9e19216f63818754e7bb6067acf7abde533","API_SECRET":"e10fed8c-csjg-3562-ot4f-85393b056f40","API_KEY":"FiTFuRP9JuZw7CmmQ5cEAOOefzhwhTI4HN0519VsleCzR1B4rFJ33I4DuORat9TzdPNo0hHiWXeMoM6EELZELBgygTWS9ZUkz49A6SdVGUgRom6Cc1AcGMaDWGFkRMuT","FIREBASE_CONFIG":"{\"projectId\":\"lhome-39be5\",\"databaseURL\":\"https://lhome-39be5-default-rtdb.firebaseio.com\",\"storageBucket\":\"lhome-39be5.appspot.com\",\"locationId\":\"us-east1\"}","GCLOUD_PROJECT":"lhome-39be5","EVENTARC_CLOUD_EVENT_SOURCE":"projects/lhome-39be5/locations/us-east1/functions/cybersource"},"runtime":"nodejs18","buildId":"afb9b2b4-4b9d-41f5-9945-54a76e63b72d","buildEnvironmentVariables":{"GOOGLE_NODE_RUN_SCRIPTS":""},"buildName":"projects/737236759307/locations/us-east1/builds/afb9b2b4-4b9d-41f5-9945-54a76e63b72d","dockerRegistry":"ARTIFACT_REGISTRY"},"versionId":"13","updateTime":"2023-07-07T19:11:21Z"}}
[debug] [2023-07-07T19:11:22.884Z] [update-default-us-east1-cybersource] Retrying task index 0
[debug] [2023-07-07T19:11:22.885Z] >>> [apiv2][query] GET https://cloudfunctions.googleapis.com/v1/operations/bGhvbWUtMzliZTUvdXMtZWFzdDEvY3liZXJzb3VyY2UveVJrUV96YzBPSEU [none]
[debug] [2023-07-07T19:11:23.313Z] <<< [apiv2][status] GET https://cloudfunctions.googleapis.com/v1/operations/bGhvbWUtMzliZTUvdXMtZWFzdDEvY3liZXJzb3VyY2UveVJrUV96YzBPSEU 200
[debug] [2023-07-07T19:11:23.313Z] <<< [apiv2][body] GET https://cloudfunctions.googleapis.com/v1/operations/bGhvbWUtMzliZTUvdXMtZWFzdDEvY3liZXJzb3VyY2UveVJrUV96YzBPSEU {"name":"operations/bGhvbWUtMzliZTUvdXMtZWFzdDEvY3liZXJzb3VyY2UveVJrUV96YzBPSEU","metadata":{"@type":"type.googleapis.com/google.cloud.functions.v1.OperationMetadataV1","target":"projects/lhome-39be5/locations/us-east1/functions/cybersource","type":"UPDATE_FUNCTION","request":{"@type":"type.googleapis.com/google.cloud.functions.v1.CloudFunction","name":"projects/lhome-39be5/locations/us-east1/functions/cybersource","httpsTrigger":{"url":"https://us-east1-lhome-39be5.cloudfunctions.net/cybersource","securityLevel":"SECURE_ALWAYS"},"status":"ACTIVE","entryPoint":"cybersource","updateTime":"2023-07-01T20:14:15.148Z","versionId":"12","labels":{"deployment-tool":"cli-firebase","firebase-functions-hash":"6f11a614e1b8a70dfb1dfa2852f35ac7e8ae37bc"},"sourceUploadUrl":"https://storage.googleapis.com/uploads-959316359579.us-east1.cloudfunctions.appspot.com/fed56252-c222-48b0-bef1-8686a9c24418.zip?GoogleAccessId=service-737236759307@gcf-admin-robot.iam.gserviceaccount.com&Expires=1688758871&Signature=GqcM5zUqo4WKiO4rLoGUOowal3oz1gnvxbApH%2FObC1AciLmyS%2FwCDzvobbUN4Cv3IreL8n04P7y1leLmW7M%2BocmcDGF6U22qpRU0XPkEbjXgfU4FM6FCreNCHS2%2BRasqzUHQCEhpf4n%2BZvEYz8ZDUvD8uZ7y6BPweM8JX2xWZFbn67JObJs1Kbb1odNP9EhY8kI%2BgXmW83P3W89vLKbfdzTj0XQaAmwkjCpbnv%2Bl5buQuBTBN3y3ev34UgqcqtDTvi43OvoLVg%2BQ11A3LqXMcaOPIRjESGfL9kPxyuFeBLeuUo6hPW05PHPGBZwMxes%2Fk4rR%2Bw5P%2FYKTvkghh1I3ZQ%3D%3D","environmentVariables":{"ACCESS_KEY":"cf582d7fe0813b878d13c8a99b9b196f","PROFILE_ID":"706C24CD-0E25-4AE9-9CBE-5551EB5AB8B9","SIGNATURE":"83bea2dcfd694a0e8a7edbae99be788a6d3d0dc4e5984a34934d2b9b32fa9c339154bed72f5547faa218489c6bd46205b03b8196a0d542f3bd9d83544ca55d76a823436e9a5845bc935b18cfed73580841c8735e84c640aaa7cc26a8a865cacec24757ab9fa44599a4506ac8413de9e19216f63818754e7bb6067acf7abde533","API_SECRET":"e10fed8c-csjg-3562-ot4f-85393b056f40","API_KEY":"FiTFuRP9JuZw7CmmQ5cEAOOefzhwhTI4HN0519VsleCzR1B4rFJ33I4DuORat9TzdPNo0hHiWXeMoM6EELZELBgygTWS9ZUkz49A6SdVGUgRom6Cc1AcGMaDWGFkRMuT","FIREBASE_CONFIG":"{\"projectId\":\"lhome-39be5\",\"databaseURL\":\"https://lhome-39be5-default-rtdb.firebaseio.com\",\"storageBucket\":\"lhome-39be5.appspot.com\",\"locationId\":\"us-east1\"}","GCLOUD_PROJECT":"lhome-39be5","EVENTARC_CLOUD_EVENT_SOURCE":"projects/lhome-39be5/locations/us-east1/functions/cybersource"},"runtime":"nodejs18","buildId":"afb9b2b4-4b9d-41f5-9945-54a76e63b72d","buildEnvironmentVariables":{"GOOGLE_NODE_RUN_SCRIPTS":""},"buildName":"projects/737236759307/locations/us-east1/builds/afb9b2b4-4b9d-41f5-9945-54a76e63b72d","dockerRegistry":"ARTIFACT_REGISTRY"},"versionId":"13","updateTime":"2023-07-07T19:11:22Z"}}
[debug] [2023-07-07T19:11:24.315Z] [update-default-us-east1-cybersource] Retrying task index 0
[debug] [2023-07-07T19:11:24.315Z] >>> [apiv2][query] GET https://cloudfunctions.googleapis.com/v1/operations/bGhvbWUtMzliZTUvdXMtZWFzdDEvY3liZXJzb3VyY2UveVJrUV96YzBPSEU [none]
[debug] [2023-07-07T19:11:24.815Z] <<< [apiv2][status] GET https://cloudfunctions.googleapis.com/v1/operations/bGhvbWUtMzliZTUvdXMtZWFzdDEvY3liZXJzb3VyY2UveVJrUV96YzBPSEU 200
[debug] [2023-07-07T19:11:24.815Z] <<< [apiv2][body] GET https://cloudfunctions.googleapis.com/v1/operations/bGhvbWUtMzliZTUvdXMtZWFzdDEvY3liZXJzb3VyY2UveVJrUV96YzBPSEU {"name":"operations/bGhvbWUtMzliZTUvdXMtZWFzdDEvY3liZXJzb3VyY2UveVJrUV96YzBPSEU","metadata":{"@type":"type.googleapis.com/google.cloud.functions.v1.OperationMetadataV1","target":"projects/lhome-39be5/locations/us-east1/functions/cybersource","type":"UPDATE_FUNCTION","request":{"@type":"type.googleapis.com/google.cloud.functions.v1.CloudFunction","name":"projects/lhome-39be5/locations/us-east1/functions/cybersource","httpsTrigger":{"url":"https://us-east1-lhome-39be5.cloudfunctions.net/cybersource","securityLevel":"SECURE_ALWAYS"},"status":"ACTIVE","entryPoint":"cybersource","updateTime":"2023-07-01T20:14:15.148Z","versionId":"12","labels":{"deployment-tool":"cli-firebase","firebase-functions-hash":"6f11a614e1b8a70dfb1dfa2852f35ac7e8ae37bc"},"sourceUploadUrl":"https://storage.googleapis.com/uploads-959316359579.us-east1.cloudfunctions.appspot.com/fed56252-c222-48b0-bef1-8686a9c24418.zip?GoogleAccessId=service-737236759307@gcf-admin-robot.iam.gserviceaccount.com&Expires=1688758871&Signature=GqcM5zUqo4WKiO4rLoGUOowal3oz1gnvxbApH%2FObC1AciLmyS%2FwCDzvobbUN4Cv3IreL8n04P7y1leLmW7M%2BocmcDGF6U22qpRU0XPkEbjXgfU4FM6FCreNCHS2%2BRasqzUHQCEhpf4n%2BZvEYz8ZDUvD8uZ7y6BPweM8JX2xWZFbn67JObJs1Kbb1odNP9EhY8kI%2BgXmW83P3W89vLKbfdzTj0XQaAmwkjCpbnv%2Bl5buQuBTBN3y3ev34UgqcqtDTvi43OvoLVg%2BQ11A3LqXMcaOPIRjESGfL9kPxyuFeBLeuUo6hPW05PHPGBZwMxes%2Fk4rR%2Bw5P%2FYKTvkghh1I3ZQ%3D%3D","environmentVariables":{"ACCESS_KEY":"cf582d7fe0813b878d13c8a99b9b196f","PROFILE_ID":"706C24CD-0E25-4AE9-9CBE-5551EB5AB8B9","SIGNATURE":"83bea2dcfd694a0e8a7edbae99be788a6d3d0dc4e5984a34934d2b9b32fa9c339154bed72f5547faa218489c6bd46205b03b8196a0d542f3bd9d83544ca55d76a823436e9a5845bc935b18cfed73580841c8735e84c640aaa7cc26a8a865cacec24757ab9fa44599a4506ac8413de9e19216f63818754e7bb6067acf7abde533","API_SECRET":"e10fed8c-csjg-3562-ot4f-85393b056f40","API_KEY":"FiTFuRP9JuZw7CmmQ5cEAOOefzhwhTI4HN0519VsleCzR1B4rFJ33I4DuORat9TzdPNo0hHiWXeMoM6EELZELBgygTWS9ZUkz49A6SdVGUgRom6Cc1AcGMaDWGFkRMuT","FIREBASE_CONFIG":"{\"projectId\":\"lhome-39be5\",\"databaseURL\":\"https://lhome-39be5-default-rtdb.firebaseio.com\",\"storageBucket\":\"lhome-39be5.appspot.com\",\"locationId\":\"us-east1\"}","GCLOUD_PROJECT":"lhome-39be5","EVENTARC_CLOUD_EVENT_SOURCE":"projects/lhome-39be5/locations/us-east1/functions/cybersource"},"runtime":"nodejs18","buildId":"afb9b2b4-4b9d-41f5-9945-54a76e63b72d","buildEnvironmentVariables":{"GOOGLE_NODE_RUN_SCRIPTS":""},"buildName":"projects/737236759307/locations/us-east1/builds/afb9b2b4-4b9d-41f5-9945-54a76e63b72d","dockerRegistry":"ARTIFACT_REGISTRY"},"versionId":"13","updateTime":"2023-07-07T19:11:22Z","buildId":"7fee9d00-35e8-4f67-9fcb-1c58d0ea17ac","buildName":"projects/737236759307/locations/us-east1/builds/7fee9d00-35e8-4f67-9fcb-1c58d0ea17ac"}}
[debug] [2023-07-07T19:11:26.817Z] [update-default-us-east1-cybersource] Retrying task index 0
[debug] [2023-07-07T19:11:26.818Z] >>> [apiv2][query] GET https://cloudfunctions.googleapis.com/v1/operations/bGhvbWUtMzliZTUvdXMtZWFzdDEvY3liZXJzb3VyY2UveVJrUV96YzBPSEU [none]
[debug] [2023-07-07T19:11:27.216Z] <<< [apiv2][status] GET https://cloudfunctions.googleapis.com/v1/operations/bGhvbWUtMzliZTUvdXMtZWFzdDEvY3liZXJzb3VyY2UveVJrUV96YzBPSEU 200
[debug] [2023-07-07T19:11:27.217Z] <<< [apiv2][body] GET https://cloudfunctions.googleapis.com/v1/operations/bGhvbWUtMzliZTUvdXMtZWFzdDEvY3liZXJzb3VyY2UveVJrUV96YzBPSEU {"name":"operations/bGhvbWUtMzliZTUvdXMtZWFzdDEvY3liZXJzb3VyY2UveVJrUV96YzBPSEU","metadata":{"@type":"type.googleapis.com/google.cloud.functions.v1.OperationMetadataV1","target":"projects/lhome-39be5/locations/us-east1/functions/cybersource","type":"UPDATE_FUNCTION","request":{"@type":"type.googleapis.com/google.cloud.functions.v1.CloudFunction","name":"projects/lhome-39be5/locations/us-east1/functions/cybersource","httpsTrigger":{"url":"https://us-east1-lhome-39be5.cloudfunctions.net/cybersource","securityLevel":"SECURE_ALWAYS"},"status":"ACTIVE","entryPoint":"cybersource","updateTime":"2023-07-01T20:14:15.148Z","versionId":"12","labels":{"deployment-tool":"cli-firebase","firebase-functions-hash":"6f11a614e1b8a70dfb1dfa2852f35ac7e8ae37bc"},"sourceUploadUrl":"https://storage.googleapis.com/uploads-959316359579.us-east1.cloudfunctions.appspot.com/fed56252-c222-48b0-bef1-8686a9c24418.zip?GoogleAccessId=service-737236759307@gcf-admin-robot.iam.gserviceaccount.com&Expires=1688758871&Signature=GqcM5zUqo4WKiO4rLoGUOowal3oz1gnvxbApH%2FObC1AciLmyS%2FwCDzvobbUN4Cv3IreL8n04P7y1leLmW7M%2BocmcDGF6U22qpRU0XPkEbjXgfU4FM6FCreNCHS2%2BRasqzUHQCEhpf4n%2BZvEYz8ZDUvD8uZ7y6BPweM8JX2xWZFbn67JObJs1Kbb1odNP9EhY8kI%2BgXmW83P3W89vLKbfdzTj0XQaAmwkjCpbnv%2Bl5buQuBTBN3y3ev34UgqcqtDTvi43OvoLVg%2BQ11A3LqXMcaOPIRjESGfL9kPxyuFeBLeuUo6hPW05PHPGBZwMxes%2Fk4rR%2Bw5P%2FYKTvkghh1I3ZQ%3D%3D","environmentVariables":{"ACCESS_KEY":"cf582d7fe0813b878d13c8a99b9b196f","PROFILE_ID":"706C24CD-0E25-4AE9-9CBE-5551EB5AB8B9","SIGNATURE":"83bea2dcfd694a0e8a7edbae99be788a6d3d0dc4e5984a34934d2b9b32fa9c339154bed72f5547faa218489c6bd46205b03b8196a0d542f3bd9d83544ca55d76a823436e9a5845bc935b18cfed73580841c8735e84c640aaa7cc26a8a865cacec24757ab9fa44599a4506ac8413de9e19216f63818754e7bb6067acf7abde533","API_SECRET":"e10fed8c-csjg-3562-ot4f-85393b056f40","API_KEY":"FiTFuRP9JuZw7CmmQ5cEAOOefzhwhTI4HN0519VsleCzR1B4rFJ33I4DuORat9TzdPNo0hHiWXeMoM6EELZELBgygTWS9ZUkz49A6SdVGUgRom6Cc1AcGMaDWGFkRMuT","FIREBASE_CONFIG":"{\"projectId\":\"lhome-39be5\",\"databaseURL\":\"https://lhome-39be5-default-rtdb.firebaseio.com\",\"storageBucket\":\"lhome-39be5.appspot.com\",\"locationId\":\"us-east1\"}","GCLOUD_PROJECT":"lhome-39be5","EVENTARC_CLOUD_EVENT_SOURCE":"projects/lhome-39be5/locations/us-east1/functions/cybersource"},"runtime":"nodejs18","buildId":"afb9b2b4-4b9d-41f5-9945-54a76e63b72d","buildEnvironmentVariables":{"GOOGLE_NODE_RUN_SCRIPTS":""},"buildName":"projects/737236759307/locations/us-east1/builds/afb9b2b4-4b9d-41f5-9945-54a76e63b72d","dockerRegistry":"ARTIFACT_REGISTRY"},"versionId":"13","updateTime":"2023-07-07T19:11:22Z","buildId":"7fee9d00-35e8-4f67-9fcb-1c58d0ea17ac","buildName":"projects/737236759307/locations/us-east1/builds/7fee9d00-35e8-4f67-9fcb-1c58d0ea17ac"}}
[debug] [2023-07-07T19:11:31.219Z] [update-default-us-east1-cybersource] Retrying task index 0
[debug] [2023-07-07T19:11:31.219Z] >>> [apiv2][query] GET https://cloudfunctions.googleapis.com/v1/operations/bGhvbWUtMzliZTUvdXMtZWFzdDEvY3liZXJzb3VyY2UveVJrUV96YzBPSEU [none]
[debug] [2023-07-07T19:11:31.753Z] <<< [apiv2][status] GET https://cloudfunctions.googleapis.com/v1/operations/bGhvbWUtMzliZTUvdXMtZWFzdDEvY3liZXJzb3VyY2UveVJrUV96YzBPSEU 200
[debug] [2023-07-07T19:11:31.753Z] <<< [apiv2][body] GET https://cloudfunctions.googleapis.com/v1/operations/bGhvbWUtMzliZTUvdXMtZWFzdDEvY3liZXJzb3VyY2UveVJrUV96YzBPSEU {"name":"operations/bGhvbWUtMzliZTUvdXMtZWFzdDEvY3liZXJzb3VyY2UveVJrUV96YzBPSEU","metadata":{"@type":"type.googleapis.com/google.cloud.functions.v1.OperationMetadataV1","target":"projects/lhome-39be5/locations/us-east1/functions/cybersource","type":"UPDATE_FUNCTION","request":{"@type":"type.googleapis.com/google.cloud.functions.v1.CloudFunction","name":"projects/lhome-39be5/locations/us-east1/functions/cybersource","httpsTrigger":{"url":"https://us-east1-lhome-39be5.cloudfunctions.net/cybersource","securityLevel":"SECURE_ALWAYS"},"status":"ACTIVE","entryPoint":"cybersource","updateTime":"2023-07-01T20:14:15.148Z","versionId":"12","labels":{"deployment-tool":"cli-firebase","firebase-functions-hash":"6f11a614e1b8a70dfb1dfa2852f35ac7e8ae37bc"},"sourceUploadUrl":"https://storage.googleapis.com/uploads-959316359579.us-east1.cloudfunctions.appspot.com/fed56252-c222-48b0-bef1-8686a9c24418.zip?GoogleAccessId=service-737236759307@gcf-admin-robot.iam.gserviceaccount.com&Expires=1688758871&Signature=GqcM5zUqo4WKiO4rLoGUOowal3oz1gnvxbApH%2FObC1AciLmyS%2FwCDzvobbUN4Cv3IreL8n04P7y1leLmW7M%2BocmcDGF6U22qpRU0XPkEbjXgfU4FM6FCreNCHS2%2BRasqzUHQCEhpf4n%2BZvEYz8ZDUvD8uZ7y6BPweM8JX2xWZFbn67JObJs1Kbb1odNP9EhY8kI%2BgXmW83P3W89vLKbfdzTj0XQaAmwkjCpbnv%2Bl5buQuBTBN3y3ev34UgqcqtDTvi43OvoLVg%2BQ11A3LqXMcaOPIRjESGfL9kPxyuFeBLeuUo6hPW05PHPGBZwMxes%2Fk4rR%2Bw5P%2FYKTvkghh1I3ZQ%3D%3D","environmentVariables":{"ACCESS_KEY":"cf582d7fe0813b878d13c8a99b9b196f","PROFILE_ID":"706C24CD-0E25-4AE9-9CBE-5551EB5AB8B9","SIGNATURE":"83bea2dcfd694a0e8a7edbae99be788a6d3d0dc4e5984a34934d2b9b32fa9c339154bed72f5547faa218489c6bd46205b03b8196a0d542f3bd9d83544ca55d76a823436e9a5845bc935b18cfed73580841c8735e84c640aaa7cc26a8a865cacec24757ab9fa44599a4506ac8413de9e19216f63818754e7bb6067acf7abde533","API_SECRET":"e10fed8c-csjg-3562-ot4f-85393b056f40","API_KEY":"FiTFuRP9JuZw7CmmQ5cEAOOefzhwhTI4HN0519VsleCzR1B4rFJ33I4DuORat9TzdPNo0hHiWXeMoM6EELZELBgygTWS9ZUkz49A6SdVGUgRom6Cc1AcGMaDWGFkRMuT","FIREBASE_CONFIG":"{\"projectId\":\"lhome-39be5\",\"databaseURL\":\"https://lhome-39be5-default-rtdb.firebaseio.com\",\"storageBucket\":\"lhome-39be5.appspot.com\",\"locationId\":\"us-east1\"}","GCLOUD_PROJECT":"lhome-39be5","EVENTARC_CLOUD_EVENT_SOURCE":"projects/lhome-39be5/locations/us-east1/functions/cybersource"},"runtime":"nodejs18","buildId":"afb9b2b4-4b9d-41f5-9945-54a76e63b72d","buildEnvironmentVariables":{"GOOGLE_NODE_RUN_SCRIPTS":""},"buildName":"projects/737236759307/locations/us-east1/builds/afb9b2b4-4b9d-41f5-9945-54a76e63b72d","dockerRegistry":"ARTIFACT_REGISTRY"},"versionId":"13","updateTime":"2023-07-07T19:11:22Z","buildId":"7fee9d00-35e8-4f67-9fcb-1c58d0ea17ac","buildName":"projects/737236759307/locations/us-east1/builds/7fee9d00-35e8-4f67-9fcb-1c58d0ea17ac"}}
[debug] [2023-07-07T19:11:39.755Z] [update-default-us-east1-cybersource] Retrying task index 0
[debug] [2023-07-07T19:11:39.756Z] >>> [apiv2][query] GET https://cloudfunctions.googleapis.com/v1/operations/bGhvbWUtMzliZTUvdXMtZWFzdDEvY3liZXJzb3VyY2UveVJrUV96YzBPSEU [none]
[debug] [2023-07-07T19:11:40.286Z] <<< [apiv2][status] GET https://cloudfunctions.googleapis.com/v1/operations/bGhvbWUtMzliZTUvdXMtZWFzdDEvY3liZXJzb3VyY2UveVJrUV96YzBPSEU 200
[debug] [2023-07-07T19:11:40.286Z] <<< [apiv2][body] GET https://cloudfunctions.googleapis.com/v1/operations/bGhvbWUtMzliZTUvdXMtZWFzdDEvY3liZXJzb3VyY2UveVJrUV96YzBPSEU {"name":"operations/bGhvbWUtMzliZTUvdXMtZWFzdDEvY3liZXJzb3VyY2UveVJrUV96YzBPSEU","metadata":{"@type":"type.googleapis.com/google.cloud.functions.v1.OperationMetadataV1","target":"projects/lhome-39be5/locations/us-east1/functions/cybersource","type":"UPDATE_FUNCTION","request":{"@type":"type.googleapis.com/google.cloud.functions.v1.CloudFunction","name":"projects/lhome-39be5/locations/us-east1/functions/cybersource","httpsTrigger":{"url":"https://us-east1-lhome-39be5.cloudfunctions.net/cybersource","securityLevel":"SECURE_ALWAYS"},"status":"ACTIVE","entryPoint":"cybersource","updateTime":"2023-07-01T20:14:15.148Z","versionId":"12","labels":{"deployment-tool":"cli-firebase","firebase-functions-hash":"6f11a614e1b8a70dfb1dfa2852f35ac7e8ae37bc"},"sourceUploadUrl":"https://storage.googleapis.com/uploads-959316359579.us-east1.cloudfunctions.appspot.com/fed56252-c222-48b0-bef1-8686a9c24418.zip?GoogleAccessId=service-737236759307@gcf-admin-robot.iam.gserviceaccount.com&Expires=1688758871&Signature=GqcM5zUqo4WKiO4rLoGUOowal3oz1gnvxbApH%2FObC1AciLmyS%2FwCDzvobbUN4Cv3IreL8n04P7y1leLmW7M%2BocmcDGF6U22qpRU0XPkEbjXgfU4FM6FCreNCHS2%2BRasqzUHQCEhpf4n%2BZvEYz8ZDUvD8uZ7y6BPweM8JX2xWZFbn67JObJs1Kbb1odNP9EhY8kI%2BgXmW83P3W89vLKbfdzTj0XQaAmwkjCpbnv%2Bl5buQuBTBN3y3ev34UgqcqtDTvi43OvoLVg%2BQ11A3LqXMcaOPIRjESGfL9kPxyuFeBLeuUo6hPW05PHPGBZwMxes%2Fk4rR%2Bw5P%2FYKTvkghh1I3ZQ%3D%3D","environmentVariables":{"ACCESS_KEY":"cf582d7fe0813b878d13c8a99b9b196f","PROFILE_ID":"706C24CD-0E25-4AE9-9CBE-5551EB5AB8B9","SIGNATURE":"83bea2dcfd694a0e8a7edbae99be788a6d3d0dc4e5984a34934d2b9b32fa9c339154bed72f5547faa218489c6bd46205b03b8196a0d542f3bd9d83544ca55d76a823436e9a5845bc935b18cfed73580841c8735e84c640aaa7cc26a8a865cacec24757ab9fa44599a4506ac8413de9e19216f63818754e7bb6067acf7abde533","API_SECRET":"e10fed8c-csjg-3562-ot4f-85393b056f40","API_KEY":"FiTFuRP9JuZw7CmmQ5cEAOOefzhwhTI4HN0519VsleCzR1B4rFJ33I4DuORat9TzdPNo0hHiWXeMoM6EELZELBgygTWS9ZUkz49A6SdVGUgRom6Cc1AcGMaDWGFkRMuT","FIREBASE_CONFIG":"{\"projectId\":\"lhome-39be5\",\"databaseURL\":\"https://lhome-39be5-default-rtdb.firebaseio.com\",\"storageBucket\":\"lhome-39be5.appspot.com\",\"locationId\":\"us-east1\"}","GCLOUD_PROJECT":"lhome-39be5","EVENTARC_CLOUD_EVENT_SOURCE":"projects/lhome-39be5/locations/us-east1/functions/cybersource"},"runtime":"nodejs18","buildId":"afb9b2b4-4b9d-41f5-9945-54a76e63b72d","buildEnvironmentVariables":{"GOOGLE_NODE_RUN_SCRIPTS":""},"buildName":"projects/737236759307/locations/us-east1/builds/afb9b2b4-4b9d-41f5-9945-54a76e63b72d","dockerRegistry":"ARTIFACT_REGISTRY"},"versionId":"13","updateTime":"2023-07-07T19:11:22Z","buildId":"7fee9d00-35e8-4f67-9fcb-1c58d0ea17ac","buildName":"projects/737236759307/locations/us-east1/builds/7fee9d00-35e8-4f67-9fcb-1c58d0ea17ac"}}
